<?xml version="1.0" encoding="UTF-8"?>
<!-- Generated by org.testng.reporters.JUnitReportReporter -->
<testsuite hostname="DESKTOP-PBF243E" failures="0" tests="1" name="automationFramworkTask2.LogInTC" time="41.112" errors="0" timestamp="06 Nov 2023 08:32:49 GMT" skipped="0">
  <testcase classname="automationFramworkTask2.LogInTC" name="testLoginCases" time="41.112"/>
</testsuite> <!-- automationFramworkTask2.LogInTC -->
