<?xml version="1.0" encoding="UTF-8"?>
<!-- Generated by org.testng.reporters.JUnitReportReporter -->
<testsuite hostname="DESKTOP-PBF243E" failures="0" tests="3" name="automationFramworkTask2.LognTC" time="59.023" errors="0" timestamp="06 Nov 2023 08:48:13 GMT" skipped="0">
  <testcase classname="automationFramworkTask2.LognTC" name="testInvalidEmailFormat" time="19.365"/>
  <testcase classname="automationFramworkTask2.LognTC" name="testValidEmailInvalidPassword" time="16.417"/>
  <testcase classname="automationFramworkTask2.LognTC" name="testValidLogin" time="23.241"/>
</testsuite> <!-- automationFramworkTask2.LognTC -->
