<?xml version="1.0" encoding="UTF-8"?>
<!-- Generated by org.testng.reporters.JUnitReportReporter -->
<testsuite hostname="DESKTOP-PBF243E" failures="0" tests="1" name="frontGate.FrontgateTest" time="22.233" errors="0" timestamp="01 Nov 2023 09:15:49 GMT" skipped="0">
  <testcase classname="frontGate.FrontgateTest" name="testFrontgateLogin" time="22.233"/>
</testsuite> <!-- frontGate.FrontgateTest -->
